<?xml version="1.0" encoding="UTF-8"?><testsuite errors="1" failures="0" name="Login in travelocity" skipped="0" tests="1" time="32.1" timestamp="2021-07-13 12:29:18"><testcase name="Login"><error message="Expected condition failed: waiting for By.xpath: //button[@class='uitk-button uitk-button-medium uitk-button-has-text uitk-button-tertiary uitk-menu-trigger'] to be displayed (tried for 10 second(s) with 100 milliseconds interval)&#10;Build info: version: '3.14.0', revision: 'aacccce0', time: '2018-08-02T20:19:58.91Z'&#10;System info: host: 'LAPTOP-TKL8FKRM', ip: '192.168.0.33', os.name: 'Windows 10', os.arch: 'amd64', os.version: '10.0', java.version: '1.8.0_211'&#10;Driver info: driver.version: unknown" type="java.lang.AssertionError">Expected condition failed: waiting for By.xpath: //button[@class='uitk-button uitk-button-medium uitk-button-has-text uitk-button-tertiary uitk-menu-trigger'] to be displayed (tried for 10 second(s) with 100 milliseconds interval)
Build info: version: '3.14.0', revision: 'aacccce0', time: '2018-08-02T20:19:58.91Z'
System info: host: 'LAPTOP-TKL8FKRM', ip: '192.168.0.33', os.name: 'Windows 10', os.arch: 'amd64', os.version: '10.0', java.version: '1.8.0_211'
Driver info: driver.version: unknown</error><system-err>Expected condition failed: waiting for By.xpath: //button[@class='uitk-button uitk-button-medium uitk-button-has-text uitk-button-tertiary uitk-menu-trigger'] to be displayed (tried for 10 second(s) with 100 milliseconds interval)
Build info: version: '3.14.0', revision: 'aacccce0', time: '2018-08-02T20:19:58.91Z'
System info: host: 'LAPTOP-TKL8FKRM', ip: '192.168.0.33', os.name: 'Windows 10', os.arch: 'amd64', os.version: '10.0', java.version: '1.8.0_211'
Driver info: driver.version: unknown&#13;
com.devco.certification.travelocity.stepdefinitions.LoginStepDefinitions.toShouldSeeHisNameInTheNextPage(LoginStepDefinitions.java:54)&#13;
✽.To should see his name in the next page(src/test/resources/features/login.feature:15)&#13;
</system-err></testcase></testsuite>