<?xml version="1.0" encoding="UTF-8"?><testsuite errors="0" failures="1" name="add activity to my list" skipped="0" tests="1" time="42.87" timestamp="2021-07-13 12:28:35"><testcase name="add activity to my list"><failure message="&#10;Expected: an element that is visible&#10;     but: no matching element found by xpath: //section[@data-testid='Top 10 things to do-activity-carousel--section']/child::div[2]/child::div[1]//child::li[1]//child::label/child::div[1]" type="java.lang.AssertionError">
Expected: an element that is visible
     but: no matching element found by xpath: //section[@data-testid='Top 10 things to do-activity-carousel--section']/child::div[2]/child::div[1]//child::li[1]//child::label/child::div[1]</failure><system-err>
Expected: an element that is visible
     but: no matching element found by xpath: //section[@data-testid='Top 10 things to do-activity-carousel--section']/child::div[2]/child::div[1]//child::li[1]//child::label/child::div[1]&#13;
com.devco.certification.travelocity.tasks.AddFirstItem.performAs(AddFirstItem.java:29)&#13;
com.devco.certification.travelocity.stepdefinitions.AddActivityToMyListStepDefinitions.heAttemptsAddTheFirstResultAtYourList(AddActivityToMyListStepDefinitions.java:48)&#13;
cucumber.runner.Runner.runPickle(Runner.java:80)&#13;
</system-err></testcase></testsuite>