<?xml version="1.0" encoding="UTF-8"?><testsuite errors="0" failures="1" name="search flight one-way in travelocity" skipped="0" tests="1" time="29.14" timestamp="2021-07-13 12:30:18"><testcase name="Search a flight one-way in the morning"><failure message="Expected enabled element was not enabled" type="net.thucydides.core.webdriver.exceptions.ElementShouldBeEnabledException">Expected enabled element was not enabled</failure><system-err>Expected enabled element was not enabled&#13;
com.devco.certification.travelocity.tasks.FilterByFlights.performAs(FilterByFlights.java:25)&#13;
com.devco.certification.travelocity.stepdefinitions.SearchFlightStepDefinitions.heSelectsTheFilterMorning(SearchFlightStepDefinitions.java:47)&#13;
cucumber.runner.Runner.runPickle(Runner.java:80)&#13;
</system-err></testcase></testsuite>